# JRE version: Java(TM) SE Runtime Environment (8.0_231-b11) (build 1.8.0_231-b11)
# Java VM: Java HotSpot(TM) 64-Bit Server VM (25.231-b11 mixed mode windows-amd64 compressed oops)
Heap:
 PSYoungGen      total 163328K, used 143943K [0x00000000e0400000, 0x00000000ed600000, 0x0000000100000000)
  eden space 153600K, 87% used [0x00000000e0400000,0x00000000e8719df0,0x00000000e9a00000)
  from space 9728K, 99% used [0x00000000e9a00000,0x00000000ea378128,0x00000000ea380000)
  to   space 12288K, 0% used [0x00000000eca00000,0x00000000eca00000,0x00000000ed600000)
 ParOldGen       total 64512K, used 19512K [0x00000000a0c00000, 0x00000000a4b00000, 0x00000000e0400000)
  object space 64512K, 30% used [0x00000000a0c00000,0x00000000a1f0e170,0x00000000a4b00000)
 Metaspace       used 55113K, capacity 58450K, committed 58624K, reserved 1099776K
  class space    used 7824K, capacity 8376K, committed 8448K, reserved 1048576K
GC Heap History (10 events):
Event: 5.588 GC heap before
{Heap before GC invocations=11 (full 1):
 PSYoungGen      total 101376K, used 98737K [0x00000000e0400000, 0x00000000e8380000, 0x0000000100000000)
  eden space 94208K, 100% used [0x00000000e0400000,0x00000000e6000000,0x00000000e6000000)
  from space 7168K, 63% used [0x00000000e6000000,0x00000000e646c478,0x00000000e6700000)
  to   space 6656K, 0% used [0x00000000e7d00000,0x00000000e7d00000,0x00000000e8380000)
 ParOldGen       total 40960K, used 6122K [0x00000000a0c00000, 0x00000000a3400000, 0x00000000e0400000)
  object space 40960K, 14% used [0x00000000a0c00000,0x00000000a11faaa0,0x00000000a3400000)
 Metaspace       used 29778K, capacity 31652K, committed 31872K, reserved 1077248K
  class space    used 4007K, capacity 4377K, committed 4480K, reserved 1048576K
Event: 5.600 GC heap after
Heap after GC invocations=11 (full 1):
 PSYoungGen      total 121856K, used 6655K [0x00000000e0400000, 0x00000000e9480000, 0x0000000100000000)
  eden space 115200K, 0% used [0x00000000e0400000,0x00000000e0400000,0x00000000e7480000)
  from space 6656K, 99% used [0x00000000e7d00000,0x00000000e837fc08,0x00000000e8380000)
  to   space 8704K, 0% used [0x00000000e7480000,0x00000000e7480000,0x00000000e7d00000)
 ParOldGen       total 40960K, used 9421K [0x00000000a0c00000, 0x00000000a3400000, 0x00000000e0400000)
  object space 40960K, 23% used [0x00000000a0c00000,0x00000000a1533778,0x00000000a3400000)
 Metaspace       used 29778K, capacity 31652K, committed 31872K, reserved 1077248K
  class space    used 4007K, capacity 4377K, committed 4480K, reserved 1048576K
}
Event: 6.468 GC heap before
{Heap before GC invocations=12 (full 1):
 PSYoungGen      total 121856K, used 60052K [0x00000000e0400000, 0x00000000e9480000, 0x0000000100000000)
  eden space 115200K, 46% used [0x00000000e0400000,0x00000000e3825638,0x00000000e7480000)
  from space 6656K, 99% used [0x00000000e7d00000,0x00000000e837fc08,0x00000000e8380000)
  to   space 8704K, 0% used [0x00000000e7480000,0x00000000e7480000,0x00000000e7d00000)
 ParOldGen       total 40960K, used 9421K [0x00000000a0c00000, 0x00000000a3400000, 0x00000000e0400000)
  object space 40960K, 23% used [0x00000000a0c00000,0x00000000a1533778,0x00000000a3400000)
 Metaspace       used 33420K, capacity 35390K, committed 35416K, reserved 1079296K
  class space    used 4467K, capacity 4846K, committed 4864K, reserved 1048576K
Event: 6.478 GC heap after
Heap after GC invocations=12 (full 1):
 PSYoungGen      total 123904K, used 4513K [0x00000000e0400000, 0x00000000ead00000, 0x0000000100000000)
  eden space 115200K, 0% used [0x00000000e0400000,0x00000000e0400000,0x00000000e7480000)
  from space 8704K, 51% used [0x00000000e7480000,0x00000000e78e8610,0x00000000e7d00000)
  to   space 8192K, 0% used [0x00000000ea500000,0x00000000ea500000,0x00000000ead00000)
 ParOldGen       total 40960K, used 13349K [0x00000000a0c00000, 0x00000000a3400000, 0x00000000e0400000)
  object space 40960K, 32% used [0x00000000a0c00000,0x00000000a19095d8,0x00000000a3400000)
 Metaspace       used 33420K, capacity 35390K, committed 35416K, reserved 1079296K
  class space    used 4467K, capacity 4846K, committed 4864K, reserved 1048576K
}
Event: 6.478 GC heap before
{Heap before GC invocations=13 (full 2):
 PSYoungGen      total 123904K, used 4513K [0x00000000e0400000, 0x00000000ead00000, 0x0000000100000000)
  eden space 115200K, 0% used [0x00000000e0400000,0x00000000e0400000,0x00000000e7480000)
  from space 8704K, 51% used [0x00000000e7480000,0x00000000e78e8610,0x00000000e7d00000)
  to   space 8192K, 0% used [0x00000000ea500000,0x00000000ea500000,0x00000000ead00000)
 ParOldGen       total 40960K, used 13349K [0x00000000a0c00000, 0x00000000a3400000, 0x00000000e0400000)
  object space 40960K, 32% used [0x00000000a0c00000,0x00000000a19095d8,0x00000000a3400000)
 Metaspace       used 33420K, capacity 35390K, committed 35416K, reserved 1079296K
  class space    used 4467K, capacity 4846K, committed 4864K, reserved 1048576K
Event: 6.542 GC heap after
Heap after GC invocations=13 (full 2):
 PSYoungGen      total 123904K, used 0K [0x00000000e0400000, 0x00000000ead00000, 0x0000000100000000)
  eden space 115200K, 0% used [0x00000000e0400000,0x00000000e0400000,0x00000000e7480000)
  from space 8704K, 0% used [0x00000000e7480000,0x00000000e7480000,0x00000000e7d00000)
  to   space 8192K, 0% used [0x00000000ea500000,0x00000000ea500000,0x00000000ead00000)
 ParOldGen       total 64512K, used 13642K [0x00000000a0c00000, 0x00000000a4b00000, 0x00000000e0400000)
  object space 64512K, 21% used [0x00000000a0c00000,0x00000000a1952ac0,0x00000000a4b00000)
 Metaspace       used 33420K, capacity 35390K, committed 35416K, reserved 1079296K
  class space    used 4467K, capacity 4846K, committed 4864K, reserved 1048576K
}
Event: 8.700 GC heap before
{Heap before GC invocations=14 (full 2):
 PSYoungGen      total 123904K, used 115200K [0x00000000e0400000, 0x00000000ead00000, 0x0000000100000000)
  eden space 115200K, 100% used [0x00000000e0400000,0x00000000e7480000,0x00000000e7480000)
  from space 8704K, 0% used [0x00000000e7480000,0x00000000e7480000,0x00000000e7d00000)
  to   space 8192K, 0% used [0x00000000ea500000,0x00000000ea500000,0x00000000ead00000)
 ParOldGen       total 64512K, used 13642K [0x00000000a0c00000, 0x00000000a4b00000, 0x00000000e0400000)
  object space 64512K, 21% used [0x00000000a0c00000,0x00000000a1952ac0,0x00000000a4b00000)
 Metaspace       used 43259K, capacity 45374K, committed 45568K, reserved 1089536K
  class space    used 5973K, capacity 6384K, committed 6400K, reserved 1048576K
Event: 8.715 GC heap after
Heap after GC invocations=14 (full 2):
 PSYoungGen      total 157696K, used 8169K [0x00000000e0400000, 0x00000000ead00000, 0x0000000100000000)
  eden space 149504K, 0% used [0x00000000e0400000,0x00000000e0400000,0x00000000e9600000)
  from space 8192K, 99% used [0x00000000ea500000,0x00000000eacfa418,0x00000000ead00000)
  to   space 9728K, 0% used [0x00000000e9a00000,0x00000000e9a00000,0x00000000ea380000)
 ParOldGen       total 64512K, used 15755K [0x00000000a0c00000, 0x00000000a4b00000, 0x00000000e0400000)
  object space 64512K, 24% used [0x00000000a0c00000,0x00000000a1b62d90,0x00000000a4b00000)
 Metaspace       used 43259K, capacity 45374K, committed 45568K, reserved 1089536K
  class space    used 5973K, capacity 6384K, committed 6400K, reserved 1048576K
}
Event: 11.086 GC heap before
{Heap before GC invocations=15 (full 2):
 PSYoungGen      total 157696K, used 157673K [0x00000000e0400000, 0x00000000ead00000, 0x0000000100000000)
  eden space 149504K, 100% used [0x00000000e0400000,0x00000000e9600000,0x00000000e9600000)
  from space 8192K, 99% used [0x00000000ea500000,0x00000000eacfa418,0x00000000ead00000)
  to   space 9728K, 0% used [0x00000000e9a00000,0x00000000e9a00000,0x00000000ea380000)
 ParOldGen       total 64512K, used 15755K [0x00000000a0c00000, 0x00000000a4b00000, 0x00000000e0400000)
  object space 64512K, 24% used [0x00000000a0c00000,0x00000000a1b62d90,0x00000000a4b00000)
 Metaspace       used 52147K, capacity 55146K, committed 55296K, reserved 1097728K
  class space    used 7355K, capacity 7886K, committed 7936K, reserved 1048576K
Event: 11.101 GC heap after
Heap after GC invocations=15 (full 2):
 PSYoungGen      total 163328K, used 9696K [0x00000000e0400000, 0x00000000ed600000, 0x0000000100000000)
  eden space 153600K, 0% used [0x00000000e0400000,0x00000000e0400000,0x00000000e9a00000)
  from space 9728K, 99% used [0x00000000e9a00000,0x00000000ea378128,0x00000000ea380000)
  to   space 12288K, 0% used [0x00000000eca00000,0x00000000eca00000,0x00000000ed600000)
 ParOldGen       total 64512K, used 19512K [0x00000000a0c00000, 0x00000000a4b00000, 0x00000000e0400000)
  object space 64512K, 30% used [0x00000000a0c00000,0x00000000a1f0e170,0x00000000a4b00000)
 Metaspace       used 52147K, capacity 55146K, committed 55296K, reserved 1097728K
  class space    used 7355K, capacity 7886K, committed 7936K, reserved 1048576K
}

